빌드 시작: 2014-06-30 오전 11:13:17
     1>2 노드의 "D:\포토폴리오\MBR 삭제\MBR 삭제\MBR 삭제.vcxproj" 프로젝트(Build 대상)입니다.
     1>ClCompile:
         c:\Program Files (x86)\Microsoft Visual Studio 10.0\VC\bin\CL.exe /c /ZI /nologo /W3 /WX- /Od /Oy- /D WIN32 /D _DEBUG /D _CONSOLE /D _LIB /D _UNICODE /D UNICODE /Gm /EHsc /RTC1 /MTd /GS /fp:precise /Zc:wchar_t /Zc:forScope /Fo"Debug\\" /Fd"Debug\vc100.pdb" /Gd /TP /analyze- /errorReport:prompt MBR.cpp
         MBR.cpp
     1>d:\포토폴리오\mbr 삭제\mbr 삭제\mbr.cpp(7): warning C4244: '인수' : 'time_t'에서 'unsigned int'(으)로 변환하면서 데이터가 손실될 수 있습니다.
       ManifestResourceCompile:
         C:\Program Files (x86)\Microsoft SDKs\Windows\v7.0A\bin\rc.exe /nologo /fo"Debug\MBR 삭제.exe.embed.manifest.res" "Debug\MBR 삭제_manifest.rc" 
       Link:
         c:\Program Files (x86)\Microsoft Visual Studio 10.0\VC\bin\link.exe /ERRORREPORT:PROMPT /OUT:"D:\포토폴리오\MBR 삭제\Debug\MBR 삭제.exe" /INCREMENTAL /NOLOGO /MANIFEST /ManifestFile:"Debug\MBR 삭제.exe.intermediate.manifest" /ALLOWISOLATION:NO /MANIFESTUAC:NO /DEBUG /PDB:"D:\포토폴리오\MBR 삭제\Debug\MBR 삭제.pdb" /SUBSYSTEM:CONSOLE /TLBID:1 /DYNAMICBASE /NXCOMPAT /IMPLIB:"D:\포토폴리오\MBR 삭제\Debug\MBR 삭제.lib" /MACHINE:X86 "Debug\MBR 삭제.exe.embed.manifest.res"
         Debug\MBR.obj
       Manifest:
         C:\Program Files (x86)\Microsoft SDKs\Windows\v7.0A\bin\mt.exe /nologo /verbose /out:"Debug\MBR 삭제.exe.embed.manifest" /manifest "Debug\MBR 삭제.exe.intermediate.manifest" "c:\Program Files (x86)\Microsoft Visual Studio 10.0\VC\Include\Manifest\dpiaware.manifest"
         C:\Program Files (x86)\Microsoft SDKs\Windows\v7.0A\bin\rc.exe /nologo /fo"Debug\MBR 삭제.exe.embed.manifest.res" "Debug\MBR 삭제_manifest.rc" 
       LinkEmbedManifest:
         c:\Program Files (x86)\Microsoft Visual Studio 10.0\VC\bin\link.exe /ERRORREPORT:PROMPT /OUT:"D:\포토폴리오\MBR 삭제\Debug\MBR 삭제.exe" /INCREMENTAL /NOLOGO /MANIFEST /ManifestFile:"Debug\MBR 삭제.exe.intermediate.manifest" /ALLOWISOLATION:NO /MANIFESTUAC:NO /DEBUG /PDB:"D:\포토폴리오\MBR 삭제\Debug\MBR 삭제.pdb" /SUBSYSTEM:CONSOLE /TLBID:1 /DYNAMICBASE /NXCOMPAT /IMPLIB:"D:\포토폴리오\MBR 삭제\Debug\MBR 삭제.lib" /MACHINE:X86 "Debug\MBR 삭제.exe.embed.manifest.res"
         Debug\MBR.obj
         MBR 삭제.vcxproj -> D:\포토폴리오\MBR 삭제\Debug\MBR 삭제.exe
     1>"D:\포토폴리오\MBR 삭제\MBR 삭제\MBR 삭제.vcxproj" 프로젝트를 빌드했습니다(Build 대상).

빌드했습니다.

경과 시간: 00:03:13.52
